0 info it worked if it ends with ok
1 verbose cli [ '/usr/bin/nodejs', '/usr/bin/npm', 'run-script', 'sinon' ]
2 info using npm@3.7.3
3 info using node@v5.8.0
4 verbose stack Error: missing script: sinon
4 verbose stack     at run (/usr/lib/node_modules/npm/lib/run-script.js:147:19)
4 verbose stack     at /usr/lib/node_modules/npm/lib/run-script.js:57:5
4 verbose stack     at /usr/lib/node_modules/npm/node_modules/read-package-json/read-json.js:345:5
4 verbose stack     at checkBinReferences_ (/usr/lib/node_modules/npm/node_modules/read-package-json/read-json.js:309:45)
4 verbose stack     at final (/usr/lib/node_modules/npm/node_modules/read-package-json/read-json.js:343:3)
4 verbose stack     at then (/usr/lib/node_modules/npm/node_modules/read-package-json/read-json.js:113:5)
4 verbose stack     at /usr/lib/node_modules/npm/node_modules/read-package-json/read-json.js:300:12
4 verbose stack     at /usr/lib/node_modules/npm/node_modules/graceful-fs/graceful-fs.js:78:16
4 verbose stack     at tryToString (fs.js:414:3)
4 verbose stack     at FSReqWrap.readFileAfterClose [as oncomplete] (fs.js:401:12)
5 verbose cwd /home/ajyanreyu/Documentos/PL/karma-y-travis-norberto_albano
6 error Linux 3.19.0-56-generic
7 error argv "/usr/bin/nodejs" "/usr/bin/npm" "run-script" "sinon"
8 error node v5.8.0
9 error npm  v3.7.3
10 error missing script: sinon
11 error If you need help, you may report this error at:
11 error     <https://github.com/npm/npm/issues>
12 verbose exit [ 1, true ]
